2023-07-09 15:30:53,002 - parso.python.diff - DEBUG - diff parser start
2023-07-09 15:30:53,003 - parso.python.diff - DEBUG - line_lengths old: 2; new: 2
2023-07-09 15:30:53,003 - parso.python.diff - DEBUG - -> code[equal] old[1:1] new[1:1]
2023-07-09 15:30:53,003 - parso.python.diff - DEBUG - parse_part from 1 to 2 (to 1 in part parser)
2023-07-09 15:30:53,003 - parso.python.diff - DEBUG - -> code[replace] old[2:2] new[2:2]
2023-07-09 15:30:53,003 - parso.python.diff - DEBUG - diff parser end
2023-07-09 15:32:31,853 - parso.python.diff - DEBUG - diff parser start
2023-07-09 15:32:31,853 - parso.python.diff - DEBUG - line_lengths old: 2; new: 6
2023-07-09 15:32:31,853 - parso.python.diff - DEBUG - -> code[equal] old[1:1] new[1:1]
2023-07-09 15:32:31,854 - parso.python.diff - DEBUG - parse_part from 1 to 2 (to 2 in part parser)
2023-07-09 15:32:31,854 - parso.python.diff - DEBUG - -> code[replace] old[2:2] new[2:6]
2023-07-09 15:32:31,854 - parso.python.diff - DEBUG - parse_part from 3 to 6 (to 5 in part parser)
2023-07-09 15:32:31,854 - parso.python.diff - DEBUG - diff parser end
2023-07-09 15:32:43,783 - parso.python.diff - DEBUG - diff parser start
2023-07-09 15:32:43,783 - parso.python.diff - DEBUG - line_lengths old: 6; new: 7
2023-07-09 15:32:43,783 - parso.python.diff - DEBUG - -> code[equal] old[1:5] new[1:5]
2023-07-09 15:32:43,784 - parso.python.diff - DEBUG - copy old[2:2] new[1:2]
2023-07-09 15:32:43,785 - parso.python.diff - DEBUG - parse_part from 3 to 7 (to 6 in part parser)
2023-07-09 15:32:43,785 - parso.python.diff - DEBUG - -> code[replace] old[6:6] new[6:7]
2023-07-09 15:32:43,785 - parso.python.diff - DEBUG - diff parser end
2023-07-09 15:32:45,932 - parso.python.diff - DEBUG - diff parser start
2023-07-09 15:32:45,933 - parso.python.diff - DEBUG - line_lengths old: 7; new: 7
2023-07-09 15:32:45,933 - parso.python.diff - DEBUG - -> code[equal] old[1:6] new[1:6]
2023-07-09 15:32:45,933 - parso.python.diff - DEBUG - copy old[2:2] new[1:2]
2023-07-09 15:32:45,934 - parso.python.diff - DEBUG - parse_part from 3 to 7 (to 6 in part parser)
2023-07-09 15:32:45,934 - parso.python.diff - DEBUG - -> code[replace] old[7:7] new[7:7]
2023-07-09 15:32:45,934 - parso.python.diff - DEBUG - diff parser end
2023-07-09 15:33:23,806 - parso.python.diff - DEBUG - diff parser start
2023-07-09 15:33:23,807 - parso.python.diff - DEBUG - line_lengths old: 7; new: 8
2023-07-09 15:33:23,807 - parso.python.diff - DEBUG - -> code[equal] old[1:6] new[1:6]
2023-07-09 15:33:23,807 - parso.python.diff - DEBUG - copy old[2:2] new[1:2]
2023-07-09 15:33:23,808 - parso.python.diff - DEBUG - parse_part from 3 to 8 (to 7 in part parser)
2023-07-09 15:33:23,808 - parso.python.diff - DEBUG - -> code[replace] old[7:7] new[7:8]
2023-07-09 15:33:23,808 - parso.python.diff - DEBUG - diff parser end
2023-07-09 15:33:32,722 - parso.python.diff - DEBUG - diff parser start
2023-07-09 15:33:32,723 - parso.python.diff - DEBUG - line_lengths old: 8; new: 8
2023-07-09 15:33:32,723 - parso.python.diff - DEBUG - -> code[equal] old[1:7] new[1:7]
2023-07-09 15:33:32,723 - parso.python.diff - DEBUG - copy old[2:2] new[1:2]
2023-07-09 15:33:32,724 - parso.python.diff - DEBUG - parse_part from 3 to 8 (to 7 in part parser)
2023-07-09 15:33:32,724 - parso.python.diff - DEBUG - -> code[replace] old[8:8] new[8:8]
2023-07-09 15:33:32,724 - parso.python.diff - DEBUG - diff parser end
2023-07-09 15:33:41,819 - parso.python.diff - DEBUG - diff parser start
2023-07-09 15:33:41,819 - parso.python.diff - DEBUG - line_lengths old: 8; new: 9
2023-07-09 15:33:41,819 - parso.python.diff - DEBUG - -> code[equal] old[1:7] new[1:7]
2023-07-09 15:33:41,820 - parso.python.diff - DEBUG - copy old[2:2] new[1:2]
2023-07-09 15:33:41,821 - parso.python.diff - DEBUG - parse_part from 3 to 9 (to 8 in part parser)
2023-07-09 15:33:41,821 - parso.python.diff - DEBUG - -> code[replace] old[8:8] new[8:9]
2023-07-09 15:33:41,821 - parso.python.diff - DEBUG - diff parser end
2023-07-09 15:34:28,082 - parso.python.diff - DEBUG - diff parser start
2023-07-09 15:34:28,082 - parso.python.diff - DEBUG - line_lengths old: 9; new: 14
2023-07-09 15:34:28,083 - parso.python.diff - DEBUG - -> code[equal] old[1:8] new[1:8]
2023-07-09 15:34:28,083 - parso.python.diff - DEBUG - copy old[2:2] new[1:2]
2023-07-09 15:34:28,084 - parso.python.diff - DEBUG - parse_part from 3 to 14 (to 13 in part parser)
2023-07-09 15:34:28,084 - parso.python.diff - DEBUG - -> code[insert] old[9:8] new[9:13]
2023-07-09 15:34:28,085 - parso.python.diff - DEBUG - -> code[equal] old[9:9] new[14:14]
2023-07-09 15:34:28,085 - parso.python.diff - DEBUG - diff parser end
2023-07-09 15:35:19,723 - parso.python.diff - DEBUG - diff parser start
2023-07-09 15:35:19,723 - parso.python.diff - DEBUG - line_lengths old: 14; new: 16
2023-07-09 15:35:19,723 - parso.python.diff - DEBUG - -> code[equal] old[1:13] new[1:13]
2023-07-09 15:35:19,723 - parso.python.diff - DEBUG - copy old[2:2] new[1:2]
2023-07-09 15:35:19,726 - parso.python.diff - DEBUG - parse_part from 3 to 16 (to 15 in part parser)
2023-07-09 15:35:19,726 - parso.python.diff - DEBUG - -> code[replace] old[14:14] new[14:16]
2023-07-09 15:35:19,726 - parso.python.diff - DEBUG - diff parser end
2023-07-09 15:35:22,958 - parso.python.diff - DEBUG - diff parser start
2023-07-09 15:35:22,958 - parso.python.diff - DEBUG - line_lengths old: 16; new: 16
2023-07-09 15:35:22,958 - parso.python.diff - DEBUG - -> code[equal] old[1:15] new[1:15]
2023-07-09 15:35:22,958 - parso.python.diff - DEBUG - copy old[2:2] new[1:2]
2023-07-09 15:35:22,960 - parso.python.diff - DEBUG - parse_part from 3 to 16 (to 15 in part parser)
2023-07-09 15:35:22,961 - parso.python.diff - DEBUG - -> code[replace] old[16:16] new[16:16]
2023-07-09 15:35:22,961 - parso.python.diff - DEBUG - diff parser end
2023-07-09 15:36:03,942 - root - INFO - This is my Start of question 3
2023-07-09 15:36:03,943 - root - INFO - Finally Block is executed
2023-07-09 15:36:16,589 - root - INFO - This is my Start of question 3
2023-07-09 15:36:16,589 - root - INFO - Finally Block is executed
2023-07-09 15:36:49,231 - root - INFO - This is my Start of question 3
2023-07-09 15:36:49,232 - root - INFO - Finally Block is executed
2023-07-09 15:36:58,910 - root - INFO - This is my Start of question 3
2023-07-09 15:36:58,911 - root - INFO - Finally Block is executed
2023-07-09 15:37:27,927 - root - INFO - This is my Start of question 3
2023-07-09 15:37:27,928 - root - INFO - Finally Block is executed
2023-07-09 17:18:39,530 - root - INFO - This is my Start of question 3
2023-07-09 17:18:39,531 - root - INFO - Finally Block is executed
2023-07-09 17:21:29,057 - Comm - ERROR - No such comm target registered: jupyter.widget.control
2023-07-09 17:21:29,061 - Comm - WARNING - No such comm: 12566d85-c718-476a-99ce-d2467da54da8
2023-07-09 17:21:29,061 - Comm - DEBUG - Current comms: []
2023-07-09 17:23:12,900 - root - INFO - This is my Start of question 3
2023-07-09 17:23:12,901 - root - INFO - Finally Block is executed
2023-07-09 17:23:49,606 - root - INFO - Start of d=function divide
2023-07-09 17:23:49,606 - root - INFO - Try Block executed
2023-07-09 17:23:49,606 - root - INFO - Else Block executed
2023-07-09 17:24:11,414 - root - INFO - Start of d=function divide
2023-07-09 17:24:11,415 - root - INFO - Try Block executed
2023-07-09 17:24:11,415 - root - INFO - Else Block executed
2023-07-09 17:24:26,030 - root - INFO - Start of d=function divide
2023-07-09 17:24:26,031 - root - ERROR - Except block executed
Traceback (most recent call last):
  File "/tmp/ipykernel_3408/1442908747.py", line 6, in divide
    result = a/b
ZeroDivisionError: division by zero
2023-07-09 17:24:37,394 - root - INFO - Start of d=function divide
2023-07-09 17:24:37,395 - root - INFO - Try Block executed
2023-07-09 17:24:37,395 - root - INFO - Else Block executed
2023-07-09 17:24:45,494 - root - INFO - Start of d=function divide
2023-07-09 17:24:45,494 - root - INFO - Try Block executed
2023-07-09 17:24:45,494 - root - INFO - Else Block executed
2023-07-09 17:24:55,244 - root - INFO - Start of d=function divide
2023-07-09 17:24:55,245 - root - INFO - Try Block executed
2023-07-09 17:24:55,245 - root - INFO - Else Block executed
2023-07-09 17:25:02,004 - root - INFO - Start of d=function divide
2023-07-09 17:25:02,005 - root - INFO - Try Block executed
2023-07-09 17:25:02,005 - root - INFO - Else Block executed
2023-07-09 17:26:28,431 - root - INFO - Explaining Finally block code of Question 3
2023-07-09 17:26:28,432 - root - ERROR - Except block executed
Traceback (most recent call last):
  File "/tmp/ipykernel_3408/2040818249.py", line 6, in <module>
    c = a / b
ZeroDivisionError: division by zero
2023-07-09 17:26:28,432 - root - INFO - Finally Block executed
2023-07-09 17:30:16,204 - root - INFO - This is start of the function Raise explaination
2023-07-09 17:30:20,468 - root - ERROR - Exception occured invalid mobile number
NoneType: None
2023-07-09 17:31:13,689 - root - INFO - This is start of the function Raise explaination
2023-07-09 17:31:16,837 - root - ERROR - Exception occured invalid mobile number
NoneType: None
2023-07-09 17:31:31,754 - root - INFO - This is start of the function Raise explaination
2023-07-09 17:47:56,691 - root - INFO - Question 5 , case 1 started
2023-07-09 17:47:56,691 - root - INFO - No Error occured
2023-07-09 17:48:32,110 - root - INFO - Question 5 , case 2 started
2023-07-09 17:48:32,111 - root - ERROR - Percentage not in range
2023-07-09 17:48:39,091 - root - INFO - Question 5 , case 3 started
2023-07-09 17:48:39,092 - root - ERROR - Percentage not in range
2023-07-09 18:02:04,699 - Comm - ERROR - No such comm target registered: jupyter.widget.control
2023-07-09 18:02:04,702 - Comm - WARNING - No such comm: 6eede419-4884-4475-976f-72acb9a3d6ea
2023-07-09 18:02:04,702 - Comm - DEBUG - Current comms: []
2023-07-10 07:00:19,503 - root - INFO - This is my Start of question 3
2023-07-10 07:00:19,504 - root - INFO - Finally Block is executed
2023-07-10 07:00:20,725 - root - INFO - Start of d=function divide
2023-07-10 07:00:20,725 - root - INFO - Try Block executed
2023-07-10 07:00:20,725 - root - INFO - Else Block executed
2023-07-10 07:00:21,006 - root - INFO - Start of d=function divide
2023-07-10 07:00:21,007 - root - INFO - Try Block executed
2023-07-10 07:00:21,007 - root - INFO - Else Block executed
2023-07-10 07:00:21,241 - root - INFO - Start of d=function divide
2023-07-10 07:00:21,242 - root - ERROR - Except block executed
Traceback (most recent call last):
  File "/tmp/ipykernel_404/1442908747.py", line 6, in divide
    result = a/b
ZeroDivisionError: division by zero
2023-07-10 07:00:21,762 - root - INFO - Explaining Finally block code of Question 3
2023-07-10 07:00:21,763 - root - ERROR - Except block executed
Traceback (most recent call last):
  File "/tmp/ipykernel_404/2040818249.py", line 6, in <module>
    c = a / b
ZeroDivisionError: division by zero
2023-07-10 07:00:21,763 - root - INFO - Finally Block executed
2023-07-10 07:00:22,540 - root - INFO - This is start of the function Raise explaination
2023-07-10 07:00:31,846 - root - ERROR - Exception occured invalid mobile number
NoneType: None
2023-07-10 07:00:51,992 - root - INFO - This is start of the function Raise explaination
2023-07-10 07:01:03,155 - root - ERROR - Exception occured invalid mobile number
NoneType: None
2023-07-10 07:01:07,160 - root - INFO - This is start of the function Raise explaination
2023-07-10 07:01:14,273 - root - INFO - Question 5 , case 1 started
2023-07-10 07:01:14,273 - root - INFO - No Error occured
2023-07-10 07:01:14,862 - root - INFO - Question 5 , case 2 started
2023-07-10 07:01:14,863 - root - ERROR - Percentage not in range
2023-07-10 07:01:18,518 - root - INFO - Question 5 , case 3 started
2023-07-10 07:01:18,519 - root - ERROR - Percentage not in range
2023-07-10 07:01:27,243 - root - INFO - Validate mobile number function started
2023-07-10 07:02:41,100 - parso.python.diff - DEBUG - diff parser start
2023-07-10 07:02:41,100 - parso.python.diff - DEBUG - line_lengths old: 6; new: 6
2023-07-10 07:02:41,100 - parso.python.diff - DEBUG - -> code[equal] old[1:5] new[1:5]
2023-07-10 07:02:41,101 - parso.python.diff - DEBUG - copy old[2:5] new[1:3]
2023-07-10 07:02:41,101 - parso.python.diff - DEBUG - parse_part from 4 to 6 (to 5 in part parser)
2023-07-10 07:02:41,101 - parso.python.diff - DEBUG - -> code[replace] old[6:6] new[6:6]
2023-07-10 07:02:41,101 - parso.python.diff - DEBUG - diff parser end
2023-07-10 07:02:56,178 - root - INFO - Validate mobile number function started
2023-07-10 07:04:53,715 - root - INFO - Validate mobile number function started
2023-07-10 07:05:00,406 - root - INFO - Validate mobile number function started
2023-07-10 07:05:00,406 - root - INFO - Try Block executed
2023-07-10 07:05:40,719 - root - INFO - Validate mobile number function started
2023-07-10 07:05:40,720 - root - INFO - Mobile Card number is Valid
2023-07-10 07:05:40,720 - root - INFO - Try Block executed
2023-07-10 07:06:01,874 - root - INFO - Test Case 1 , Question 6
2023-07-10 07:06:01,875 - root - INFO - Validate mobile number function started
2023-07-10 07:06:01,875 - root - INFO - Mobile Card number is Valid
2023-07-10 07:06:01,876 - root - INFO - Try Block executed
2023-07-10 07:06:19,190 - root - INFO - Validate mobile number function started
2023-07-10 07:06:19,191 - root - ERROR - Number length is not equall to 10
2023-07-10 07:06:19,191 - root - ERROR - Except block executed
Traceback (most recent call last):
  File "/tmp/ipykernel_404/2785224505.py", line 3, in <module>
    validate_mobile_no(number)
  File "/tmp/ipykernel_404/404821965.py", line 11, in validate_mobile_no
    raise mobileNO('Length of mobile number should be 10 digits')
mobileNO: Length of mobile number should be 10 digits
2023-07-10 07:09:34,700 - root - INFO - Test Case 3
2023-07-10 07:09:34,702 - root - INFO - Validate mobile number function started
2023-07-10 07:09:34,702 - root - ERROR - Number length is not equall to 10
2023-07-10 07:09:34,702 - root - ERROR - Except block executed
Traceback (most recent call last):
  File "/tmp/ipykernel_404/3923038340.py", line 4, in <module>
    validate_mobile_no(number)
  File "/tmp/ipykernel_404/617473961.py", line 12, in validate_mobile_no
    raise mobileNO('Length of mobile number should be 10 digits')
mobileNO: Length of mobile number should be 10 digits
2023-07-10 07:09:58,197 - root - INFO - Test Case 1
2023-07-10 07:09:58,198 - root - INFO - Validate mobile number function started
2023-07-10 07:09:58,199 - root - INFO - Mobile Card number is Valid
2023-07-10 07:09:58,199 - root - INFO - Try Block executed
2023-07-10 07:09:58,637 - root - INFO - Test Case 2
2023-07-10 07:09:58,638 - root - INFO - Validate mobile number function started
2023-07-10 07:09:58,638 - root - ERROR - Number length is not equall to 10
2023-07-10 07:09:58,638 - root - ERROR - Except block executed
Traceback (most recent call last):
  File "/tmp/ipykernel_404/606511855.py", line 5, in <module>
    validate_mobile_no(number)
  File "/tmp/ipykernel_404/1496126896.py", line 12, in validate_mobile_no
    raise mobileNO('Length of mobile number should be 10 digits')
mobileNO: Length of mobile number should be 10 digits
